[28/Aug/2019:00:17:11 +0530] 127.0.0.1 TLSv1.3 TLS_AES_256_GCM_SHA384 "GET /public/css/font-awesome.min.css HTTP/1.1" 1057
[28/Aug/2019:00:17:11 +0530] 127.0.0.1 TLSv1.3 TLS_AES_256_GCM_SHA384 "GET /favicon.ico HTTP/1.1" 1263
[28/Aug/2019:00:18:07 +0530] 127.0.0.1 TLSv1.3 TLS_AES_256_GCM_SHA384 "GET /svg/500.svg HTTP/1.1" 1199
[28/Aug/2019:00:18:10 +0530] 127.0.0.1 TLSv1.3 TLS_AES_256_GCM_SHA384 "GET /svg/500.svg HTTP/1.1" 1199
[28/Aug/2019:00:18:37 +0530] 127.0.0.1 TLSv1.3 TLS_AES_256_GCM_SHA384 "GET / HTTP/1.1" 586
[28/Aug/2019:00:18:37 +0530] 127.0.0.1 TLSv1.3 TLS_AES_256_GCM_SHA384 "GET /icons/blank.gif HTTP/1.1" 148
[28/Aug/2019:00:18:41 +0530] 127.0.0.1 TLSv1.3 TLS_AES_256_GCM_SHA384 "GET / HTTP/1.1" 586
[28/Aug/2019:00:18:44 +0530] 127.0.0.1 TLSv1.3 TLS_AES_256_GCM_SHA384 "GET /svg/500.svg HTTP/1.1" 1199
[28/Aug/2019:00:18:47 +0530] 127.0.0.1 TLSv1.3 TLS_AES_256_GCM_SHA384 "GET /svg/500.svg HTTP/1.1" 1199
[28/Aug/2019:00:18:51 +0530] 127.0.0.1 TLSv1.3 TLS_AES_256_GCM_SHA384 "GET / HTTP/1.1" 586
[28/Aug/2019:00:18:51 +0530] 127.0.0.1 TLSv1.3 TLS_AES_256_GCM_SHA384 "GET /icons/blank.gif HTTP/1.1" 148
[28/Aug/2019:00:18:54 +0530] 127.0.0.1 TLSv1.3 TLS_AES_256_GCM_SHA384 "GET / HTTP/1.1" 586
[28/Aug/2019:00:20:01 +0530] 127.0.0.1 TLSv1.3 TLS_AES_256_GCM_SHA384 "GET / HTTP/1.1" 586
[28/Aug/2019:00:20:03 +0530] 127.0.0.1 TLSv1.3 TLS_AES_256_GCM_SHA384 "GET /svg/500.svg HTTP/1.1" 1199
[28/Aug/2019:01:10:31 +0530] ::1 TLSv1.3 TLS_AES_256_GCM_SHA384 "GET /flirtfull/index.php HTTP/1.1" 1047
[28/Aug/2019:01:10:32 +0530] ::1 TLSv1.3 TLS_AES_256_GCM_SHA384 "GET /favicon.ico HTTP/1.1" 1209
[28/Aug/2019:01:11:05 +0530] ::1 TLSv1.3 TLS_AES_256_GCM_SHA384 "GET /flirtfull/index.php HTTP/1.1" 1215
[28/Aug/2019:01:11:07 +0530] ::1 TLSv1.3 TLS_AES_256_GCM_SHA384 "GET /flirtfull/ HTTP/1.1" 1835
[28/Aug/2019:01:11:08 +0530] ::1 TLSv1.3 TLS_AES_256_GCM_SHA384 "GET /flirtfull/ HTTP/1.1" 1835
[28/Aug/2019:01:11:14 +0530] ::1 TLSv1.3 TLS_AES_256_GCM_SHA384 "GET /flirtfull/index.php?token=%242y%2410%24AKghkR73toRF7jaRu1UO6OnyT4S3y4QvzW5TAL0vpsphNn4TAbUHa&key=eyJpdiI6InR5VkhGdlZJZGFHTTJtdzhtbkNtNHc9PSIsInZhbHVlIjoiemM1TllLRUNxcThhK2RUMnU5bE9JUWMwYmFDeURcL3ZxR2RjUkl5SFppZTQ9IiwibWFjIjoiMjAxNTUyOWZhNzE3MTc5ZjgzOWVhZTA5OGNkNDVmYjExMDM2ODJmMjIxNGNlZTg3N2NjNTA0ZGE2NzMwZDVhYyJ9 HTTP/1.1" 1047
[28/Aug/2019:01:12:40 +0530] ::1 TLSv1.3 TLS_AES_256_GCM_SHA384 "GET /flirtfull/index.php?token=%242y%2410%24AKghkR73toRF7jaRu1UO6OnyT4S3y4QvzW5TAL0vpsphNn4TAbUHa&key=eyJpdiI6InR5VkhGdlZJZGFHTTJtdzhtbkNtNHc9PSIsInZhbHVlIjoiemM1TllLRUNxcThhK2RUMnU5bE9JUWMwYmFDeURcL3ZxR2RjUkl5SFppZTQ9IiwibWFjIjoiMjAxNTUyOWZhNzE3MTc5ZjgzOWVhZTA5OGNkNDVmYjExMDM2ODJmMjIxNGNlZTg3N2NjNTA0ZGE2NzMwZDVhYyJ9 HTTP/1.1" 1047
[28/Aug/2019:01:12:47 +0530] ::1 TLSv1.3 TLS_AES_256_GCM_SHA384 "GET /flirtfull/ HTTP/1.1" 1047
[12/Apr/2020:12:38:47 +0530] ::1 TLSv1.3 TLS_AES_256_GCM_SHA384 "GET /cricket/webmedia/css/style2.css HTTP/1.1" 1047
[12/Apr/2020:12:38:47 +0530] ::1 TLSv1.3 TLS_AES_256_GCM_SHA384 "GET /favicon.ico HTTP/1.1" 1233
[12/Apr/2020:13:03:38 +0530] ::1 TLSv1.3 TLS_AES_256_GCM_SHA384 "GET /cricket/webmedia/css/open-iconic-bootstrap.min.css HTTP/1.1" 1185
[12/Apr/2020:13:03:38 +0530] ::1 TLSv1.3 TLS_AES_256_GCM_SHA384 "GET /cricket/webmedia/css/animate.css HTTP/1.1" 1185
[12/Apr/2020:13:03:38 +0530] ::1 TLSv1.3 TLS_AES_256_GCM_SHA384 "GET /cricket/webmedia/css/font-awesome.min.css HTTP/1.1" 1185
[12/Apr/2020:13:03:38 +0530] ::1 TLSv1.3 TLS_AES_256_GCM_SHA384 "GET /cricket/webmedia/css/owl.carousel.min.css HTTP/1.1" 1185
[12/Apr/2020:13:03:38 +0530] ::1 TLSv1.3 TLS_AES_256_GCM_SHA384 "GET /cricket/webmedia/css/aos.css HTTP/1.1" 1185
[12/Apr/2020:13:03:38 +0530] ::1 TLSv1.3 TLS_AES_256_GCM_SHA384 "GET /cricket/webmedia/css/magnific-popup.css HTTP/1.1" 1185
[12/Apr/2020:13:03:38 +0530] ::1 TLSv1.3 TLS_AES_256_GCM_SHA384 "GET /cricket/webmedia/css/style2.css HTTP/1.1" 1185
[12/Apr/2020:13:03:38 +0530] ::1 TLSv1.3 TLS_AES_256_GCM_SHA384 "GET /cricket/webmedia/css/flaticon.css HTTP/1.1" 1185
[12/Apr/2020:13:03:38 +0530] ::1 TLSv1.3 TLS_AES_256_GCM_SHA384 "GET /cricket/webmedia/css/ionicons.min.css HTTP/1.1" 1185
[12/Apr/2020:13:03:38 +0530] ::1 TLSv1.3 TLS_AES_256_GCM_SHA384 "GET /cricket/webmedia/css/style.css HTTP/1.1" 1185
[12/Apr/2020:13:03:38 +0530] ::1 TLSv1.3 TLS_AES_256_GCM_SHA384 "GET /cricket/webmedia/css/main.css HTTP/1.1" 1185
[12/Apr/2020:13:03:38 +0530] ::1 TLSv1.3 TLS_AES_256_GCM_SHA384 "GET /cricket/webmedia/css/icomoon.css HTTP/1.1" 1185
[12/Apr/2020:13:03:38 +0530] ::1 TLSv1.3 TLS_AES_256_GCM_SHA384 "GET /cricket/webmedia/css/util.css HTTP/1.1" 1185
[12/Apr/2020:13:03:38 +0530] ::1 TLSv1.3 TLS_AES_256_GCM_SHA384 "GET /cricket/assets/img/logo7.png HTTP/1.1" 1185
[12/Apr/2020:13:03:38 +0530] ::1 TLSv1.3 TLS_AES_256_GCM_SHA384 "GET /cricket/webmedia/images/download-android-new.png HTTP/1.1" 1185
[12/Apr/2020:13:03:38 +0530] ::1 TLSv1.3 TLS_AES_256_GCM_SHA384 "GET /cricket/webmedia/js/jquery-migrate-3.0.1.min.js HTTP/1.1" 1185
[12/Apr/2020:13:03:38 +0530] ::1 TLSv1.3 TLS_AES_256_GCM_SHA384 "GET /cricket/webmedia/js/jquery.min.js HTTP/1.1" 1185
[12/Apr/2020:13:03:38 +0530] ::1 TLSv1.3 TLS_AES_256_GCM_SHA384 "GET /cricket/webmedia/js/popper.min.js HTTP/1.1" 1185
[12/Apr/2020:13:03:38 +0530] ::1 TLSv1.3 TLS_AES_256_GCM_SHA384 "GET /cricket/webmedia/js/bootstrap.min.js HTTP/1.1" 1185
[12/Apr/2020:13:03:38 +0530] ::1 TLSv1.3 TLS_AES_256_GCM_SHA384 "GET /cricket/webmedia/js/jquery.easing.1.3.js HTTP/1.1" 1185
[12/Apr/2020:13:03:38 +0530] ::1 TLSv1.3 TLS_AES_256_GCM_SHA384 "GET /cricket/webmedia/js/jquery.waypoints.min.js HTTP/1.1" 1185
[12/Apr/2020:13:03:38 +0530] ::1 TLSv1.3 TLS_AES_256_GCM_SHA384 "GET /cricket/webmedia/js/owl.carousel.min.js HTTP/1.1" 1185
[12/Apr/2020:13:03:38 +0530] ::1 TLSv1.3 TLS_AES_256_GCM_SHA384 "GET /cricket/webmedia/js/jquery.stellar.min.js HTTP/1.1" 1185
[12/Apr/2020:13:03:38 +0530] ::1 TLSv1.3 TLS_AES_256_GCM_SHA384 "GET /cricket/webmedia/js/jquery.magnific-popup.min.js HTTP/1.1" 1185
[12/Apr/2020:13:03:38 +0530] ::1 TLSv1.3 TLS_AES_256_GCM_SHA384 "GET /cricket/webmedia/js/aos.js HTTP/1.1" 1185
[12/Apr/2020:13:03:38 +0530] ::1 TLSv1.3 TLS_AES_256_GCM_SHA384 "GET /cricket/webmedia/js/scrollax.min.js HTTP/1.1" 1185
[12/Apr/2020:13:03:38 +0530] ::1 TLSv1.3 TLS_AES_256_GCM_SHA384 "GET /cricket/webmedia/js/jquery.animateNumber.min.js HTTP/1.1" 1185
[12/Apr/2020:13:03:38 +0530] ::1 TLSv1.3 TLS_AES_256_GCM_SHA384 "GET /cricket/webmedia/js/plugins.js HTTP/1.1" 1185
[12/Apr/2020:13:03:38 +0530] ::1 TLSv1.3 TLS_AES_256_GCM_SHA384 "GET /cricket/webmedia/js/main1.js HTTP/1.1" 1185
[12/Apr/2020:13:03:38 +0530] ::1 TLSv1.3 TLS_AES_256_GCM_SHA384 "GET /cricket/webmedia/js/main.js HTTP/1.1" 1185
[12/Apr/2020:13:03:38 +0530] ::1 TLSv1.3 TLS_AES_256_GCM_SHA384 "GET /cricket/webmedia/images/screens1.png HTTP/1.1" 1185
[12/Apr/2020:13:03:38 +0530] ::1 TLSv1.3 TLS_AES_256_GCM_SHA384 "GET /cricket/webmedia/images/s2.jfif HTTP/1.1" 1185
[12/Apr/2020:13:03:38 +0530] ::1 TLSv1.3 TLS_AES_256_GCM_SHA384 "GET /cricket/webmedia/images/s1.jfif HTTP/1.1" 1185
[12/Apr/2020:13:03:38 +0530] ::1 TLSv1.3 TLS_AES_256_GCM_SHA384 "GET /cricket/webmedia/images/s3.jfif HTTP/1.1" 1185
[12/Apr/2020:13:03:38 +0530] ::1 TLSv1.3 TLS_AES_256_GCM_SHA384 "GET /cricket/webmedia/images/bg_2.jpg HTTP/1.1" 1185
[12/Apr/2020:13:03:38 +0530] ::1 TLSv1.3 TLS_AES_256_GCM_SHA384 "GET /cricket/webmedia/js/jquery-migrate-3.0.1.min.js HTTP/1.1" 1185
[12/Apr/2020:13:03:38 +0530] ::1 TLSv1.3 TLS_AES_256_GCM_SHA384 "GET /cricket/webmedia/js/popper.min.js HTTP/1.1" 1185
[12/Apr/2020:13:03:38 +0530] ::1 TLSv1.3 TLS_AES_256_GCM_SHA384 "GET /cricket/webmedia/js/bootstrap.min.js HTTP/1.1" 1185
[12/Apr/2020:13:03:38 +0530] ::1 TLSv1.3 TLS_AES_256_GCM_SHA384 "GET /cricket/webmedia/js/jquery.easing.1.3.js HTTP/1.1" 1185
[12/Apr/2020:13:03:38 +0530] ::1 TLSv1.3 TLS_AES_256_GCM_SHA384 "GET /cricket/webmedia/js/jquery.waypoints.min.js HTTP/1.1" 1185
[12/Apr/2020:13:03:38 +0530] ::1 TLSv1.3 TLS_AES_256_GCM_SHA384 "GET /cricket/webmedia/js/jquery.stellar.min.js HTTP/1.1" 1185
[12/Apr/2020:13:03:38 +0530] ::1 TLSv1.3 TLS_AES_256_GCM_SHA384 "GET /cricket/webmedia/js/owl.carousel.min.js HTTP/1.1" 1185
[12/Apr/2020:13:03:38 +0530] ::1 TLSv1.3 TLS_AES_256_GCM_SHA384 "GET /cricket/webmedia/js/jquery.magnific-popup.min.js HTTP/1.1" 1185
[12/Apr/2020:13:03:38 +0530] ::1 TLSv1.3 TLS_AES_256_GCM_SHA384 "GET /cricket/webmedia/js/aos.js HTTP/1.1" 1185
[12/Apr/2020:13:03:38 +0530] ::1 TLSv1.3 TLS_AES_256_GCM_SHA384 "GET /cricket/webmedia/js/jquery.animateNumber.min.js HTTP/1.1" 1185
[12/Apr/2020:13:03:38 +0530] ::1 TLSv1.3 TLS_AES_256_GCM_SHA384 "GET /cricket/webmedia/js/scrollax.min.js HTTP/1.1" 1185
[12/Apr/2020:13:03:38 +0530] ::1 TLSv1.3 TLS_AES_256_GCM_SHA384 "GET /cricket/webmedia/js/plugins.js HTTP/1.1" 1185
[12/Apr/2020:13:03:38 +0530] ::1 TLSv1.3 TLS_AES_256_GCM_SHA384 "GET /cricket/webmedia/js/main.js HTTP/1.1" 1185
[12/Apr/2020:13:03:38 +0530] ::1 TLSv1.3 TLS_AES_256_GCM_SHA384 "GET /cricket/webmedia/js/main1.js HTTP/1.1" 1185
[12/Apr/2020:13:03:38 +0530] ::1 TLSv1.3 TLS_AES_256_GCM_SHA384 "GET /cricket/webmedia/images/fevicon.jpg HTTP/1.1" 1185
[12/Apr/2020:13:09:00 +0530] ::1 TLSv1.3 TLS_AES_256_GCM_SHA384 "GET /cricket/webmedia/css/animate.css HTTP/1.1" 1185
[12/Apr/2020:13:09:00 +0530] ::1 TLSv1.3 TLS_AES_256_GCM_SHA384 "GET /cricket/webmedia/css/open-iconic-bootstrap.min.css HTTP/1.1" 1185
[12/Apr/2020:13:09:00 +0530] ::1 TLSv1.3 TLS_AES_256_GCM_SHA384 "GET /cricket/webmedia/css/magnific-popup.css HTTP/1.1" 1185
[12/Apr/2020:13:09:00 +0530] ::1 TLSv1.3 TLS_AES_256_GCM_SHA384 "GET /cricket/webmedia/css/owl.carousel.min.css HTTP/1.1" 1185
[12/Apr/2020:13:09:00 +0530] ::1 TLSv1.3 TLS_AES_256_GCM_SHA384 "GET /cricket/webmedia/css/aos.css HTTP/1.1" 1185
[12/Apr/2020:13:09:00 +0530] ::1 TLSv1.3 TLS_AES_256_GCM_SHA384 "GET /cricket/webmedia/css/font-awesome.min.css HTTP/1.1" 1185
[12/Apr/2020:13:09:00 +0530] ::1 TLSv1.3 TLS_AES_256_GCM_SHA384 "GET /cricket/webmedia/css/style2.css HTTP/1.1" 1185
[12/Apr/2020:13:09:00 +0530] ::1 TLSv1.3 TLS_AES_256_GCM_SHA384 "GET /cricket/webmedia/css/flaticon.css HTTP/1.1" 1185
[12/Apr/2020:13:09:00 +0530] ::1 TLSv1.3 TLS_AES_256_GCM_SHA384 "GET /cricket/webmedia/css/ionicons.min.css HTTP/1.1" 1185
[12/Apr/2020:13:09:00 +0530] ::1 TLSv1.3 TLS_AES_256_GCM_SHA384 "GET /cricket/webmedia/css/util.css HTTP/1.1" 1185
[12/Apr/2020:13:09:00 +0530] ::1 TLSv1.3 TLS_AES_256_GCM_SHA384 "GET /cricket/webmedia/css/main.css HTTP/1.1" 1185
[12/Apr/2020:13:09:00 +0530] ::1 TLSv1.3 TLS_AES_256_GCM_SHA384 "GET /cricket/webmedia/css/style.css HTTP/1.1" 1185
[12/Apr/2020:13:09:00 +0530] ::1 TLSv1.3 TLS_AES_256_GCM_SHA384 "GET /cricket/webmedia/images/download-android-new.png HTTP/1.1" 1185
[12/Apr/2020:13:09:00 +0530] ::1 TLSv1.3 TLS_AES_256_GCM_SHA384 "GET /cricket/assets/img/logo7.png HTTP/1.1" 1185
[12/Apr/2020:13:09:00 +0530] ::1 TLSv1.3 TLS_AES_256_GCM_SHA384 "GET /cricket/webmedia/css/icomoon.css HTTP/1.1" 1185
[12/Apr/2020:13:09:00 +0530] ::1 TLSv1.3 TLS_AES_256_GCM_SHA384 "GET /cricket/webmedia/js/jquery-migrate-3.0.1.min.js HTTP/1.1" 1185
[12/Apr/2020:13:09:00 +0530] ::1 TLSv1.3 TLS_AES_256_GCM_SHA384 "GET /cricket/webmedia/js/popper.min.js HTTP/1.1" 1185
[12/Apr/2020:13:09:00 +0530] ::1 TLSv1.3 TLS_AES_256_GCM_SHA384 "GET /cricket/webmedia/js/jquery.min.js HTTP/1.1" 1185
[12/Apr/2020:13:09:00 +0530] ::1 TLSv1.3 TLS_AES_256_GCM_SHA384 "GET /cricket/webmedia/js/jquery.easing.1.3.js HTTP/1.1" 1185
[12/Apr/2020:13:09:00 +0530] ::1 TLSv1.3 TLS_AES_256_GCM_SHA384 "GET /cricket/webmedia/js/bootstrap.min.js HTTP/1.1" 1185
[12/Apr/2020:13:09:00 +0530] ::1 TLSv1.3 TLS_AES_256_GCM_SHA384 "GET /cricket/webmedia/js/jquery.waypoints.min.js HTTP/1.1" 1185
[12/Apr/2020:13:09:00 +0530] ::1 TLSv1.3 TLS_AES_256_GCM_SHA384 "GET /cricket/webmedia/js/jquery.stellar.min.js HTTP/1.1" 1185
[12/Apr/2020:13:09:00 +0530] ::1 TLSv1.3 TLS_AES_256_GCM_SHA384 "GET /cricket/webmedia/js/aos.js HTTP/1.1" 1185
[12/Apr/2020:13:09:00 +0530] ::1 TLSv1.3 TLS_AES_256_GCM_SHA384 "GET /cricket/webmedia/js/jquery.magnific-popup.min.js HTTP/1.1" 1185
[12/Apr/2020:13:09:00 +0530] ::1 TLSv1.3 TLS_AES_256_GCM_SHA384 "GET /cricket/webmedia/js/jquery.animateNumber.min.js HTTP/1.1" 1185
[12/Apr/2020:13:09:00 +0530] ::1 TLSv1.3 TLS_AES_256_GCM_SHA384 "GET /cricket/webmedia/js/scrollax.min.js HTTP/1.1" 1185
[12/Apr/2020:13:09:00 +0530] ::1 TLSv1.3 TLS_AES_256_GCM_SHA384 "GET /cricket/webmedia/js/owl.carousel.min.js HTTP/1.1" 1185
[12/Apr/2020:13:09:00 +0530] ::1 TLSv1.3 TLS_AES_256_GCM_SHA384 "GET /cricket/webmedia/js/jquery-migrate-3.0.1.min.js HTTP/1.1" 1185
[12/Apr/2020:13:09:00 +0530] ::1 TLSv1.3 TLS_AES_256_GCM_SHA384 "GET /cricket/webmedia/js/main.js HTTP/1.1" 1185
[12/Apr/2020:13:09:00 +0530] ::1 TLSv1.3 TLS_AES_256_GCM_SHA384 "GET /cricket/webmedia/js/main1.js HTTP/1.1" 1185
[12/Apr/2020:13:09:00 +0530] ::1 TLSv1.3 TLS_AES_256_GCM_SHA384 "GET /cricket/webmedia/js/plugins.js HTTP/1.1" 1185
[12/Apr/2020:13:09:00 +0530] ::1 TLSv1.3 TLS_AES_256_GCM_SHA384 "GET /cricket/webmedia/images/s1.jfif HTTP/1.1" 1185
[12/Apr/2020:13:09:00 +0530] ::1 TLSv1.3 TLS_AES_256_GCM_SHA384 "GET /cricket/webmedia/images/screens1.png HTTP/1.1" 1185
[12/Apr/2020:13:09:00 +0530] ::1 TLSv1.3 TLS_AES_256_GCM_SHA384 "GET /cricket/webmedia/images/s2.jfif HTTP/1.1" 1185
[12/Apr/2020:13:09:00 +0530] ::1 TLSv1.3 TLS_AES_256_GCM_SHA384 "GET /cricket/webmedia/images/s3.jfif HTTP/1.1" 1185
[12/Apr/2020:13:09:00 +0530] ::1 TLSv1.3 TLS_AES_256_GCM_SHA384 "GET /cricket/webmedia/images/bg_2.jpg HTTP/1.1" 1185
[12/Apr/2020:13:09:00 +0530] ::1 TLSv1.3 TLS_AES_256_GCM_SHA384 "GET /cricket/webmedia/js/popper.min.js HTTP/1.1" 1185
[12/Apr/2020:13:09:00 +0530] ::1 TLSv1.3 TLS_AES_256_GCM_SHA384 "GET /cricket/webmedia/js/bootstrap.min.js HTTP/1.1" 1185
[12/Apr/2020:13:09:00 +0530] ::1 TLSv1.3 TLS_AES_256_GCM_SHA384 "GET /cricket/webmedia/js/jquery.easing.1.3.js HTTP/1.1" 1185
[12/Apr/2020:13:09:00 +0530] ::1 TLSv1.3 TLS_AES_256_GCM_SHA384 "GET /cricket/webmedia/js/jquery.waypoints.min.js HTTP/1.1" 1185
[12/Apr/2020:13:09:00 +0530] ::1 TLSv1.3 TLS_AES_256_GCM_SHA384 "GET /cricket/webmedia/js/jquery.stellar.min.js HTTP/1.1" 1185
[12/Apr/2020:13:09:00 +0530] ::1 TLSv1.3 TLS_AES_256_GCM_SHA384 "GET /cricket/webmedia/js/owl.carousel.min.js HTTP/1.1" 1185
[12/Apr/2020:13:09:00 +0530] ::1 TLSv1.3 TLS_AES_256_GCM_SHA384 "GET /cricket/webmedia/js/jquery.magnific-popup.min.js HTTP/1.1" 1185
[12/Apr/2020:13:09:00 +0530] ::1 TLSv1.3 TLS_AES_256_GCM_SHA384 "GET /cricket/webmedia/js/aos.js HTTP/1.1" 1185
[12/Apr/2020:13:09:00 +0530] ::1 TLSv1.3 TLS_AES_256_GCM_SHA384 "GET /cricket/webmedia/js/jquery.animateNumber.min.js HTTP/1.1" 1185
[12/Apr/2020:13:09:00 +0530] ::1 TLSv1.3 TLS_AES_256_GCM_SHA384 "GET /cricket/webmedia/js/scrollax.min.js HTTP/1.1" 1185
[12/Apr/2020:13:09:00 +0530] ::1 TLSv1.3 TLS_AES_256_GCM_SHA384 "GET /cricket/webmedia/js/plugins.js HTTP/1.1" 1185
[12/Apr/2020:13:09:00 +0530] ::1 TLSv1.3 TLS_AES_256_GCM_SHA384 "GET /cricket/webmedia/js/main.js HTTP/1.1" 1185
[12/Apr/2020:13:09:00 +0530] ::1 TLSv1.3 TLS_AES_256_GCM_SHA384 "GET /cricket/webmedia/js/main1.js HTTP/1.1" 1185
[17/Apr/2020:03:41:59 +0530] ::1 TLSv1.3 TLS_AES_256_GCM_SHA384 "GET /edify/assets/plugins_dashboard/bootstrap/css/bootstrap.css HTTP/1.1" 1199
[17/Apr/2020:03:41:59 +0530] ::1 TLSv1.3 TLS_AES_256_GCM_SHA384 "GET /edify/assets/plugins_dashboard/bootstrap-select/css/bootstrap-select.min.css HTTP/1.1" 1199
[17/Apr/2020:03:41:59 +0530] ::1 TLSv1.3 TLS_AES_256_GCM_SHA384 "GET /edify/assets/plugins_dashboard/animate-css/animate.css HTTP/1.1" 1199
[17/Apr/2020:03:41:59 +0530] ::1 TLSv1.3 TLS_AES_256_GCM_SHA384 "GET /edify/assets/plugins_dashboard/node-waves/waves.css HTTP/1.1" 1199
[17/Apr/2020:03:41:59 +0530] ::1 TLSv1.3 TLS_AES_256_GCM_SHA384 "GET /edify/assets/plugins_dashboard/morrisjs/morris.css HTTP/1.1" 1199
[17/Apr/2020:03:41:59 +0530] ::1 TLSv1.3 TLS_AES_256_GCM_SHA384 "GET /edify/assets/css_dashboard/all-themes.min.css HTTP/1.1" 1199
[17/Apr/2020:03:41:59 +0530] ::1 TLSv1.3 TLS_AES_256_GCM_SHA384 "GET /edify/assets/css_dashboard/style.css HTTP/1.1" 1199
[17/Apr/2020:03:41:59 +0530] ::1 TLSv1.3 TLS_AES_256_GCM_SHA384 "GET /edify/assets/images_dashboard/logo.png HTTP/1.1" 1199
[17/Apr/2020:03:41:59 +0530] ::1 TLSv1.3 TLS_AES_256_GCM_SHA384 "GET /edify/assets/plugins_dashboard/bootstrap-select/js/bootstrap-select.min.js HTTP/1.1" 1199
[17/Apr/2020:03:41:59 +0530] ::1 TLSv1.3 TLS_AES_256_GCM_SHA384 "GET /edify/assets/images_dashboard/certificate.jpg HTTP/1.1" 1199
[17/Apr/2020:15:12:26 +0530] ::1 TLSv1.3 TLS_AES_256_GCM_SHA384 "GET /edify/assets/js/script.js HTTP/1.1" 1181
[17/Apr/2020:15:12:26 +0530] ::1 TLSv1.3 TLS_AES_256_GCM_SHA384 "GET /edify/assets/css/style.css HTTP/1.1" 1181
[17/Apr/2020:15:12:26 +0530] ::1 TLSv1.3 TLS_AES_256_GCM_SHA384 "GET /edify/assets/img/logo.png HTTP/1.1" 1181
[17/Apr/2020:15:12:26 +0530] ::1 TLSv1.3 TLS_AES_256_GCM_SHA384 "GET /edify/assets/js/script.js HTTP/1.1" 1181
[17/Apr/2020:15:12:26 +0530] ::1 TLSv1.3 TLS_AES_256_GCM_SHA384 "GET /edify/assets/img/play_icon.png HTTP/1.1" 1181
[17/Apr/2020:15:12:26 +0530] ::1 TLSv1.3 TLS_AES_256_GCM_SHA384 "GET /edify/assets/img/1.jpg HTTP/1.1" 1181
[17/Apr/2020:15:12:36 +0530] ::1 TLSv1.3 TLS_AES_256_GCM_SHA384 "GET /edify/admin/login HTTP/1.1" 1047
[17/Apr/2020:15:12:36 +0530] ::1 TLSv1.3 TLS_AES_256_GCM_SHA384 "GET /favicon.ico HTTP/1.1" 1205
[17/Apr/2020:15:13:23 +0530] ::1 TLSv1.3 TLS_AES_256_GCM_SHA384 "GET /edify/admin/login HTTP/1.1" 1047
[17/Apr/2020:15:13:27 +0530] ::1 TLSv1.3 TLS_AES_256_GCM_SHA384 "GET /edify/admin/ HTTP/1.1" 1047
[17/Apr/2020:15:13:31 +0530] ::1 TLSv1.3 TLS_AES_256_GCM_SHA384 "GET /edify HTTP/1.1" 1047
